{"/Users/vladislav/Documents/dev/stellar-burgers/src/services/store.ts": {"path":"/Users/vladislav/Documents/dev/stellar-burgers/src/services/store.ts","statementMap":{"0":{"start":{"line":14,"column":27},"end":{"line":20,"column":2}},"1":{"start":{"line":22,"column":14},"end":{"line":25,"column":2}},"2":{"start":{"line":31,"column":46},"end":{"line":31,"column":66}},"3":{"start":{"line":31,"column":52},"end":{"line":31,"column":66}},"4":{"start":{"line":32,"column":60},"end":{"line":32,"column":72}}},"fnMap":{"0":{"name":"(anonymous_0)","decl":{"start":{"line":31,"column":46},"end":{"line":31,"column":47}},"loc":{"start":{"line":31,"column":52},"end":{"line":31,"column":66}},"line":31}},"branchMap":{},"s":{"0":1,"1":1,"2":1,"3":0,"4":1},"f":{"0":0},"b":{},"_coverageSchema":"1a1c01bbd47fc00a2c39e90264f33305004495a9","hash":"95f3805102fdec7b23dc7dd91caa4fa8fc530da6"}
,"/Users/vladislav/Documents/dev/stellar-burgers/src/services/slices/constructorSlice/constructorSlice.ts": {"path":"/Users/vladislav/Documents/dev/stellar-burgers/src/services/slices/constructorSlice/constructorSlice.ts","statementMap":{"0":{"start":{"line":11,"column":39},"end":{"line":14,"column":1}},"1":{"start":{"line":16,"column":32},"end":{"line":47,"column":2}},"2":{"start":{"line":22,"column":8},"end":{"line":26,"column":9}},"3":{"start":{"line":23,"column":10},"end":{"line":23,"column":37}},"4":{"start":{"line":25,"column":10},"end":{"line":25,"column":49}},"5":{"start":{"line":29,"column":8},"end":{"line":34,"column":10}},"6":{"start":{"line":39,"column":6},"end":{"line":39,"column":50}},"7":{"start":{"line":42,"column":6},"end":{"line":42,"column":23}},"8":{"start":{"line":43,"column":6},"end":{"line":43,"column":29}},"9":{"start":{"line":49,"column":34},"end":{"line":49,"column":58}},"10":{"start":{"line":50,"column":38},"end":{"line":51,"column":25}},"11":{"start":{"line":51,"column":2},"end":{"line":51,"column":25}},"12":{"start":{"line":53,"column":36},"end":{"line":53,"column":60}},"13":{"start":{"line":55,"column":33},"end":{"line":55,"column":57}},"14":{"start":{"line":57,"column":36},"end":{"line":57,"column":60}}},"fnMap":{"0":{"name":"(anonymous_0)","decl":{"start":{"line":21,"column":6},"end":{"line":21,"column":7}},"loc":{"start":{"line":21,"column":68},"end":{"line":27,"column":7}},"line":21},"1":{"name":"(anonymous_1)","decl":{"start":{"line":28,"column":6},"end":{"line":28,"column":7}},"loc":{"start":{"line":28,"column":26},"end":{"line":35,"column":7}},"line":28},"2":{"name":"(anonymous_2)","decl":{"start":{"line":38,"column":4},"end":{"line":38,"column":5}},"loc":{"start":{"line":38,"column":59},"end":{"line":40,"column":5}},"line":38},"3":{"name":"(anonymous_3)","decl":{"start":{"line":41,"column":4},"end":{"line":41,"column":5}},"loc":{"start":{"line":41,"column":28},"end":{"line":44,"column":5}},"line":41},"4":{"name":"(anonymous_4)","decl":{"start":{"line":45,"column":4},"end":{"line":45,"column":5}},"loc":{"start":{"line":45,"column":29},"end":{"line":45,"column":31}},"line":45},"5":{"name":"(anonymous_5)","decl":{"start":{"line":50,"column":38},"end":{"line":50,"column":39}},"loc":{"start":{"line":51,"column":2},"end":{"line":51,"column":25}},"line":51}},"branchMap":{"0":{"loc":{"start":{"line":22,"column":8},"end":{"line":26,"column":9}},"type":"if","locations":[{"start":{"line":22,"column":8},"end":{"line":26,"column":9}},{"start":{"line":24,"column":15},"end":{"line":26,"column":9}}],"line":22}},"s":{"0":2,"1":2,"2":1,"3":1,"4":0,"5":1,"6":1,"7":0,"8":0,"9":2,"10":2,"11":0,"12":2,"13":2,"14":2},"f":{"0":1,"1":1,"2":1,"3":0,"4":0,"5":0},"b":{"0":[1,0]},"_coverageSchema":"1a1c01bbd47fc00a2c39e90264f33305004495a9","hash":"dc2b8c742792c324ed9261c24c33a4ad58a290a2"}
,"/Users/vladislav/Documents/dev/stellar-burgers/src/services/slices/feedSlice/feedSlice.ts": {"path":"/Users/vladislav/Documents/dev/stellar-burgers/src/services/slices/feedSlice/feedSlice.ts","statementMap":{"0":{"start":{"line":12,"column":32},"end":{"line":16,"column":1}},"1":{"start":{"line":18,"column":23},"end":{"line":20,"column":1}},"2":{"start":{"line":19,"column":2},"end":{"line":19,"column":15}},"3":{"start":{"line":22,"column":25},"end":{"line":43,"column":2}},"4":{"start":{"line":27,"column":4},"end":{"line":41,"column":9}},"5":{"start":{"line":29,"column":8},"end":{"line":29,"column":27}},"6":{"start":{"line":30,"column":8},"end":{"line":30,"column":31}},"7":{"start":{"line":34,"column":8},"end":{"line":34,"column":36}},"8":{"start":{"line":35,"column":8},"end":{"line":35,"column":32}},"9":{"start":{"line":39,"column":8},"end":{"line":39,"column":54}},"10":{"start":{"line":40,"column":8},"end":{"line":40,"column":32}},"11":{"start":{"line":45,"column":27},"end":{"line":45,"column":44}},"12":{"start":{"line":47,"column":26},"end":{"line":47,"column":63}},"13":{"start":{"line":47,"column":48},"end":{"line":47,"column":63}},"14":{"start":{"line":48,"column":35},"end":{"line":48,"column":77}},"15":{"start":{"line":48,"column":57},"end":{"line":48,"column":77}}},"fnMap":{"0":{"name":"(anonymous_0)","decl":{"start":{"line":18,"column":69},"end":{"line":18,"column":70}},"loc":{"start":{"line":19,"column":2},"end":{"line":19,"column":15}},"line":19},"1":{"name":"(anonymous_1)","decl":{"start":{"line":26,"column":17},"end":{"line":26,"column":18}},"loc":{"start":{"line":26,"column":30},"end":{"line":42,"column":3}},"line":26},"2":{"name":"(anonymous_2)","decl":{"start":{"line":28,"column":32},"end":{"line":28,"column":33}},"loc":{"start":{"line":28,"column":43},"end":{"line":31,"column":7}},"line":28},"3":{"name":"(anonymous_3)","decl":{"start":{"line":33,"column":34},"end":{"line":33,"column":35}},"loc":{"start":{"line":33,"column":53},"end":{"line":36,"column":7}},"line":33},"4":{"name":"(anonymous_4)","decl":{"start":{"line":38,"column":33},"end":{"line":38,"column":34}},"loc":{"start":{"line":38,"column":52},"end":{"line":41,"column":7}},"line":38},"5":{"name":"(anonymous_5)","decl":{"start":{"line":47,"column":26},"end":{"line":47,"column":27}},"loc":{"start":{"line":47,"column":48},"end":{"line":47,"column":63}},"line":47},"6":{"name":"(anonymous_6)","decl":{"start":{"line":48,"column":35},"end":{"line":48,"column":36}},"loc":{"start":{"line":48,"column":57},"end":{"line":48,"column":77}},"line":48}},"branchMap":{"0":{"loc":{"start":{"line":39,"column":22},"end":{"line":39,"column":53}},"type":"binary-expr","locations":[{"start":{"line":39,"column":22},"end":{"line":39,"column":42}},{"start":{"line":39,"column":46},"end":{"line":39,"column":53}}],"line":39}},"s":{"0":2,"1":2,"2":0,"3":2,"4":2,"5":1,"6":1,"7":1,"8":1,"9":1,"10":1,"11":2,"12":2,"13":0,"14":2,"15":0},"f":{"0":0,"1":2,"2":1,"3":1,"4":1,"5":0,"6":0},"b":{"0":[1,0]},"_coverageSchema":"1a1c01bbd47fc00a2c39e90264f33305004495a9","hash":"2ff1063d655bff03f70cac0b861efa06b94c93c4"}
,"/Users/vladislav/Documents/dev/stellar-burgers/src/services/slices/ingredientSlice/ingredientSlice.ts": {"path":"/Users/vladislav/Documents/dev/stellar-burgers/src/services/slices/ingredientSlice/ingredientSlice.ts","statementMap":{"0":{"start":{"line":12,"column":39},"end":{"line":16,"column":1}},"1":{"start":{"line":18,"column":32},"end":{"line":21,"column":1}},"2":{"start":{"line":20,"column":14},"end":{"line":20,"column":33}},"3":{"start":{"line":23,"column":31},"end":{"line":42,"column":2}},"4":{"start":{"line":28,"column":4},"end":{"line":40,"column":9}},"5":{"start":{"line":30,"column":8},"end":{"line":30,"column":31}},"6":{"start":{"line":31,"column":8},"end":{"line":31,"column":27}},"7":{"start":{"line":34,"column":8},"end":{"line":34,"column":32}},"8":{"start":{"line":35,"column":8},"end":{"line":35,"column":43}},"9":{"start":{"line":38,"column":8},"end":{"line":38,"column":32}},"10":{"start":{"line":39,"column":8},"end":{"line":39,"column":54}},"11":{"start":{"line":44,"column":33},"end":{"line":44,"column":56}},"12":{"start":{"line":46,"column":33},"end":{"line":47,"column":31}},"13":{"start":{"line":47,"column":2},"end":{"line":47,"column":31}},"14":{"start":{"line":49,"column":35},"end":{"line":50,"column":29}},"15":{"start":{"line":50,"column":2},"end":{"line":50,"column":29}},"16":{"start":{"line":52,"column":31},"end":{"line":52,"column":70}},"17":{"start":{"line":52,"column":47},"end":{"line":52,"column":70}}},"fnMap":{"0":{"name":"(anonymous_0)","decl":{"start":{"line":20,"column":2},"end":{"line":20,"column":3}},"loc":{"start":{"line":20,"column":14},"end":{"line":20,"column":33}},"line":20},"1":{"name":"(anonymous_1)","decl":{"start":{"line":27,"column":17},"end":{"line":27,"column":18}},"loc":{"start":{"line":27,"column":30},"end":{"line":41,"column":3}},"line":27},"2":{"name":"(anonymous_2)","decl":{"start":{"line":29,"column":41},"end":{"line":29,"column":42}},"loc":{"start":{"line":29,"column":52},"end":{"line":32,"column":7}},"line":29},"3":{"name":"(anonymous_3)","decl":{"start":{"line":33,"column":43},"end":{"line":33,"column":44}},"loc":{"start":{"line":33,"column":62},"end":{"line":36,"column":7}},"line":33},"4":{"name":"(anonymous_4)","decl":{"start":{"line":37,"column":42},"end":{"line":37,"column":43}},"loc":{"start":{"line":37,"column":61},"end":{"line":40,"column":7}},"line":37},"5":{"name":"(anonymous_5)","decl":{"start":{"line":46,"column":33},"end":{"line":46,"column":34}},"loc":{"start":{"line":47,"column":2},"end":{"line":47,"column":31}},"line":47},"6":{"name":"(anonymous_6)","decl":{"start":{"line":49,"column":35},"end":{"line":49,"column":36}},"loc":{"start":{"line":50,"column":2},"end":{"line":50,"column":29}},"line":50},"7":{"name":"(anonymous_7)","decl":{"start":{"line":52,"column":31},"end":{"line":52,"column":32}},"loc":{"start":{"line":52,"column":47},"end":{"line":52,"column":70}},"line":52}},"branchMap":{"0":{"loc":{"start":{"line":39,"column":22},"end":{"line":39,"column":53}},"type":"binary-expr","locations":[{"start":{"line":39,"column":22},"end":{"line":39,"column":42}},{"start":{"line":39,"column":46},"end":{"line":39,"column":53}}],"line":39}},"s":{"0":2,"1":2,"2":0,"3":2,"4":2,"5":1,"6":1,"7":1,"8":1,"9":1,"10":1,"11":2,"12":2,"13":0,"14":2,"15":0,"16":2,"17":0},"f":{"0":0,"1":2,"2":1,"3":1,"4":1,"5":0,"6":0,"7":0},"b":{"0":[1,0]},"_coverageSchema":"1a1c01bbd47fc00a2c39e90264f33305004495a9","hash":"1494ef3a54f9c0fdc721c60a5fbb29d33ff55de3"}
,"/Users/vladislav/Documents/dev/stellar-burgers/src/services/slices/orderSlice/orderSlice.ts": {"path":"/Users/vladislav/Documents/dev/stellar-burgers/src/services/slices/orderSlice/orderSlice.ts","statementMap":{"0":{"start":{"line":21,"column":34},"end":{"line":27,"column":1}},"1":{"start":{"line":29,"column":27},"end":{"line":32,"column":1}},"2":{"start":{"line":31,"column":14},"end":{"line":31,"column":28}},"3":{"start":{"line":34,"column":27},"end":{"line":37,"column":1}},"4":{"start":{"line":36,"column":25},"end":{"line":36,"column":52}},"5":{"start":{"line":39,"column":26},"end":{"line":78,"column":2}},"6":{"start":{"line":44,"column":6},"end":{"line":44,"column":34}},"7":{"start":{"line":48,"column":4},"end":{"line":62,"column":9}},"8":{"start":{"line":50,"column":8},"end":{"line":50,"column":31}},"9":{"start":{"line":51,"column":8},"end":{"line":51,"column":27}},"10":{"start":{"line":55,"column":8},"end":{"line":55,"column":37}},"11":{"start":{"line":56,"column":8},"end":{"line":56,"column":32}},"12":{"start":{"line":60,"column":8},"end":{"line":60,"column":32}},"13":{"start":{"line":61,"column":8},"end":{"line":61,"column":54}},"14":{"start":{"line":64,"column":4},"end":{"line":76,"column":9}},"15":{"start":{"line":66,"column":8},"end":{"line":66,"column":34}},"16":{"start":{"line":67,"column":8},"end":{"line":67,"column":27}},"17":{"start":{"line":70,"column":8},"end":{"line":70,"column":35}},"18":{"start":{"line":71,"column":8},"end":{"line":71,"column":52}},"19":{"start":{"line":74,"column":8},"end":{"line":74,"column":54}},"20":{"start":{"line":75,"column":8},"end":{"line":75,"column":35}},"21":{"start":{"line":80,"column":28},"end":{"line":80,"column":46}},"22":{"start":{"line":82,"column":34},"end":{"line":83,"column":26}},"23":{"start":{"line":83,"column":2},"end":{"line":83,"column":26}},"24":{"start":{"line":85,"column":36},"end":{"line":86,"column":28}},"25":{"start":{"line":86,"column":2},"end":{"line":86,"column":28}},"26":{"start":{"line":88,"column":31},"end":{"line":88,"column":70}},"27":{"start":{"line":88,"column":53},"end":{"line":88,"column":70}},"28":{"start":{"line":90,"column":35},"end":{"line":90,"column":53}}},"fnMap":{"0":{"name":"(anonymous_0)","decl":{"start":{"line":31,"column":2},"end":{"line":31,"column":3}},"loc":{"start":{"line":31,"column":14},"end":{"line":31,"column":28}},"line":31},"1":{"name":"(anonymous_1)","decl":{"start":{"line":36,"column":2},"end":{"line":36,"column":3}},"loc":{"start":{"line":36,"column":25},"end":{"line":36,"column":52}},"line":36},"2":{"name":"(anonymous_2)","decl":{"start":{"line":43,"column":21},"end":{"line":43,"column":22}},"loc":{"start":{"line":43,"column":32},"end":{"line":45,"column":5}},"line":43},"3":{"name":"(anonymous_3)","decl":{"start":{"line":47,"column":17},"end":{"line":47,"column":18}},"loc":{"start":{"line":47,"column":30},"end":{"line":77,"column":3}},"line":47},"4":{"name":"(anonymous_4)","decl":{"start":{"line":49,"column":36},"end":{"line":49,"column":37}},"loc":{"start":{"line":49,"column":47},"end":{"line":52,"column":7}},"line":49},"5":{"name":"(anonymous_5)","decl":{"start":{"line":54,"column":38},"end":{"line":54,"column":39}},"loc":{"start":{"line":54,"column":57},"end":{"line":57,"column":7}},"line":54},"6":{"name":"(anonymous_6)","decl":{"start":{"line":59,"column":37},"end":{"line":59,"column":38}},"loc":{"start":{"line":59,"column":56},"end":{"line":62,"column":7}},"line":59},"7":{"name":"(anonymous_7)","decl":{"start":{"line":65,"column":36},"end":{"line":65,"column":37}},"loc":{"start":{"line":65,"column":47},"end":{"line":68,"column":7}},"line":65},"8":{"name":"(anonymous_8)","decl":{"start":{"line":69,"column":38},"end":{"line":69,"column":39}},"loc":{"start":{"line":69,"column":57},"end":{"line":72,"column":7}},"line":69},"9":{"name":"(anonymous_9)","decl":{"start":{"line":73,"column":37},"end":{"line":73,"column":38}},"loc":{"start":{"line":73,"column":56},"end":{"line":76,"column":7}},"line":73},"10":{"name":"(anonymous_10)","decl":{"start":{"line":82,"column":34},"end":{"line":82,"column":35}},"loc":{"start":{"line":83,"column":2},"end":{"line":83,"column":26}},"line":83},"11":{"name":"(anonymous_11)","decl":{"start":{"line":85,"column":36},"end":{"line":85,"column":37}},"loc":{"start":{"line":86,"column":2},"end":{"line":86,"column":28}},"line":86},"12":{"name":"(anonymous_12)","decl":{"start":{"line":88,"column":31},"end":{"line":88,"column":32}},"loc":{"start":{"line":88,"column":53},"end":{"line":88,"column":70}},"line":88}},"branchMap":{"0":{"loc":{"start":{"line":61,"column":22},"end":{"line":61,"column":53}},"type":"binary-expr","locations":[{"start":{"line":61,"column":22},"end":{"line":61,"column":42}},{"start":{"line":61,"column":46},"end":{"line":61,"column":53}}],"line":61},"1":{"loc":{"start":{"line":74,"column":22},"end":{"line":74,"column":53}},"type":"binary-expr","locations":[{"start":{"line":74,"column":22},"end":{"line":74,"column":42}},{"start":{"line":74,"column":46},"end":{"line":74,"column":53}}],"line":74}},"s":{"0":2,"1":2,"2":0,"3":2,"4":0,"5":2,"6":0,"7":2,"8":1,"9":1,"10":1,"11":1,"12":1,"13":1,"14":2,"15":1,"16":1,"17":1,"18":1,"19":1,"20":1,"21":2,"22":2,"23":0,"24":2,"25":0,"26":2,"27":0,"28":2},"f":{"0":0,"1":0,"2":0,"3":2,"4":1,"5":1,"6":1,"7":1,"8":1,"9":1,"10":0,"11":0,"12":0},"b":{"0":[1,0],"1":[1,0]},"_coverageSchema":"1a1c01bbd47fc00a2c39e90264f33305004495a9","hash":"cd5a600011fb612e6f208779b7e29be8102f019d"}
,"/Users/vladislav/Documents/dev/stellar-burgers/src/services/slices/userSlice/userSlice.ts": {"path":"/Users/vladislav/Documents/dev/stellar-burgers/src/services/slices/userSlice/userSlice.ts","statementMap":{"0":{"start":{"line":22,"column":32},"end":{"line":27,"column":1}},"1":{"start":{"line":29,"column":25},"end":{"line":40,"column":1}},"2":{"start":{"line":32,"column":4},"end":{"line":38,"column":5}},"3":{"start":{"line":33,"column":18},"end":{"line":33,"column":36}},"4":{"start":{"line":35,"column":6},"end":{"line":35,"column":22}},"5":{"start":{"line":37,"column":6},"end":{"line":37,"column":44}},"6":{"start":{"line":42,"column":21},"end":{"line":56,"column":1}},"7":{"start":{"line":45,"column":4},"end":{"line":54,"column":5}},"8":{"start":{"line":46,"column":18},"end":{"line":46,"column":42}},"9":{"start":{"line":48,"column":6},"end":{"line":48,"column":61}},"10":{"start":{"line":49,"column":6},"end":{"line":49,"column":48}},"11":{"start":{"line":51,"column":6},"end":{"line":51,"column":22}},"12":{"start":{"line":53,"column":6},"end":{"line":53,"column":44}},"13":{"start":{"line":58,"column":24},"end":{"line":72,"column":1}},"14":{"start":{"line":61,"column":4},"end":{"line":70,"column":5}},"15":{"start":{"line":62,"column":18},"end":{"line":62,"column":45}},"16":{"start":{"line":64,"column":6},"end":{"line":64,"column":61}},"17":{"start":{"line":65,"column":6},"end":{"line":65,"column":48}},"18":{"start":{"line":67,"column":6},"end":{"line":67,"column":22}},"19":{"start":{"line":69,"column":6},"end":{"line":69,"column":44}},"20":{"start":{"line":74,"column":22},"end":{"line":78,"column":2}},"21":{"start":{"line":75,"column":2},"end":{"line":75,"column":20}},"22":{"start":{"line":76,"column":2},"end":{"line":76,"column":42}},"23":{"start":{"line":77,"column":2},"end":{"line":77,"column":30}},"24":{"start":{"line":80,"column":26},"end":{"line":86,"column":1}},"25":{"start":{"line":83,"column":21},"end":{"line":83,"column":46}},"26":{"start":{"line":84,"column":4},"end":{"line":84,"column":25}},"27":{"start":{"line":88,"column":25},"end":{"line":151,"column":2}},"28":{"start":{"line":93,"column":6},"end":{"line":93,"column":50}},"29":{"start":{"line":97,"column":4},"end":{"line":149,"column":9}},"30":{"start":{"line":99,"column":8},"end":{"line":99,"column":31}},"31":{"start":{"line":102,"column":8},"end":{"line":102,"column":32}},"32":{"start":{"line":103,"column":8},"end":{"line":103,"column":36}},"33":{"start":{"line":104,"column":8},"end":{"line":104,"column":28}},"34":{"start":{"line":107,"column":8},"end":{"line":107,"column":32}},"35":{"start":{"line":108,"column":8},"end":{"line":108,"column":29}},"36":{"start":{"line":109,"column":8},"end":{"line":109,"column":54}},"37":{"start":{"line":113,"column":8},"end":{"line":113,"column":31}},"38":{"start":{"line":116,"column":8},"end":{"line":116,"column":32}},"39":{"start":{"line":117,"column":8},"end":{"line":117,"column":36}},"40":{"start":{"line":118,"column":8},"end":{"line":118,"column":28}},"41":{"start":{"line":121,"column":8},"end":{"line":121,"column":32}},"42":{"start":{"line":122,"column":8},"end":{"line":122,"column":29}},"43":{"start":{"line":123,"column":8},"end":{"line":123,"column":54}},"44":{"start":{"line":127,"column":8},"end":{"line":127,"column":31}},"45":{"start":{"line":130,"column":8},"end":{"line":130,"column":32}},"46":{"start":{"line":131,"column":8},"end":{"line":131,"column":36}},"47":{"start":{"line":132,"column":8},"end":{"line":132,"column":28}},"48":{"start":{"line":135,"column":8},"end":{"line":135,"column":32}},"49":{"start":{"line":136,"column":8},"end":{"line":136,"column":29}},"50":{"start":{"line":137,"column":8},"end":{"line":137,"column":54}},"51":{"start":{"line":141,"column":8},"end":{"line":141,"column":26}},"52":{"start":{"line":142,"column":8},"end":{"line":142,"column":29}},"53":{"start":{"line":146,"column":8},"end":{"line":146,"column":36}},"54":{"start":{"line":147,"column":8},"end":{"line":147,"column":32}},"55":{"start":{"line":148,"column":8},"end":{"line":148,"column":28}},"56":{"start":{"line":153,"column":28},"end":{"line":153,"column":67}},"57":{"start":{"line":153,"column":50},"end":{"line":153,"column":67}},"58":{"start":{"line":154,"column":26},"end":{"line":154,"column":63}},"59":{"start":{"line":154,"column":48},"end":{"line":154,"column":63}},"60":{"start":{"line":155,"column":31},"end":{"line":155,"column":73}},"61":{"start":{"line":155,"column":53},"end":{"line":155,"column":73}},"62":{"start":{"line":156,"column":31},"end":{"line":156,"column":70}},"63":{"start":{"line":156,"column":53},"end":{"line":156,"column":70}},"64":{"start":{"line":158,"column":27},"end":{"line":158,"column":44}}},"fnMap":{"0":{"name":"(anonymous_0)","decl":{"start":{"line":31,"column":2},"end":{"line":31,"column":3}},"loc":{"start":{"line":31,"column":36},"end":{"line":39,"column":3}},"line":31},"1":{"name":"(anonymous_1)","decl":{"start":{"line":44,"column":2},"end":{"line":44,"column":3}},"loc":{"start":{"line":44,"column":51},"end":{"line":55,"column":3}},"line":44},"2":{"name":"(anonymous_2)","decl":{"start":{"line":60,"column":2},"end":{"line":60,"column":3}},"loc":{"start":{"line":60,"column":54},"end":{"line":71,"column":3}},"line":60},"3":{"name":"(anonymous_3)","decl":{"start":{"line":74,"column":54},"end":{"line":74,"column":55}},"loc":{"start":{"line":74,"column":66},"end":{"line":78,"column":1}},"line":74},"4":{"name":"(anonymous_4)","decl":{"start":{"line":82,"column":2},"end":{"line":82,"column":3}},"loc":{"start":{"line":82,"column":72},"end":{"line":85,"column":3}},"line":82},"5":{"name":"(anonymous_5)","decl":{"start":{"line":92,"column":4},"end":{"line":92,"column":5}},"loc":{"start":{"line":92,"column":18},"end":{"line":94,"column":5}},"line":92},"6":{"name":"(anonymous_6)","decl":{"start":{"line":96,"column":17},"end":{"line":96,"column":18}},"loc":{"start":{"line":96,"column":30},"end":{"line":150,"column":3}},"line":96},"7":{"name":"(anonymous_7)","decl":{"start":{"line":98,"column":34},"end":{"line":98,"column":35}},"loc":{"start":{"line":98,"column":45},"end":{"line":100,"column":7}},"line":98},"8":{"name":"(anonymous_8)","decl":{"start":{"line":101,"column":36},"end":{"line":101,"column":37}},"loc":{"start":{"line":101,"column":55},"end":{"line":105,"column":7}},"line":101},"9":{"name":"(anonymous_9)","decl":{"start":{"line":106,"column":35},"end":{"line":106,"column":36}},"loc":{"start":{"line":106,"column":54},"end":{"line":110,"column":7}},"line":106},"10":{"name":"(anonymous_10)","decl":{"start":{"line":112,"column":30},"end":{"line":112,"column":31}},"loc":{"start":{"line":112,"column":41},"end":{"line":114,"column":7}},"line":112},"11":{"name":"(anonymous_11)","decl":{"start":{"line":115,"column":32},"end":{"line":115,"column":33}},"loc":{"start":{"line":115,"column":51},"end":{"line":119,"column":7}},"line":115},"12":{"name":"(anonymous_12)","decl":{"start":{"line":120,"column":31},"end":{"line":120,"column":32}},"loc":{"start":{"line":120,"column":50},"end":{"line":124,"column":7}},"line":120},"13":{"name":"(anonymous_13)","decl":{"start":{"line":126,"column":33},"end":{"line":126,"column":34}},"loc":{"start":{"line":126,"column":44},"end":{"line":128,"column":7}},"line":126},"14":{"name":"(anonymous_14)","decl":{"start":{"line":129,"column":35},"end":{"line":129,"column":36}},"loc":{"start":{"line":129,"column":54},"end":{"line":133,"column":7}},"line":129},"15":{"name":"(anonymous_15)","decl":{"start":{"line":134,"column":34},"end":{"line":134,"column":35}},"loc":{"start":{"line":134,"column":53},"end":{"line":138,"column":7}},"line":134},"16":{"name":"(anonymous_16)","decl":{"start":{"line":140,"column":33},"end":{"line":140,"column":34}},"loc":{"start":{"line":140,"column":52},"end":{"line":143,"column":7}},"line":140},"17":{"name":"(anonymous_17)","decl":{"start":{"line":145,"column":37},"end":{"line":145,"column":38}},"loc":{"start":{"line":145,"column":56},"end":{"line":149,"column":7}},"line":145},"18":{"name":"(anonymous_18)","decl":{"start":{"line":153,"column":28},"end":{"line":153,"column":29}},"loc":{"start":{"line":153,"column":50},"end":{"line":153,"column":67}},"line":153},"19":{"name":"(anonymous_19)","decl":{"start":{"line":154,"column":26},"end":{"line":154,"column":27}},"loc":{"start":{"line":154,"column":48},"end":{"line":154,"column":63}},"line":154},"20":{"name":"(anonymous_20)","decl":{"start":{"line":155,"column":31},"end":{"line":155,"column":32}},"loc":{"start":{"line":155,"column":53},"end":{"line":155,"column":73}},"line":155},"21":{"name":"(anonymous_21)","decl":{"start":{"line":156,"column":31},"end":{"line":156,"column":32}},"loc":{"start":{"line":156,"column":53},"end":{"line":156,"column":70}},"line":156}},"branchMap":{"0":{"loc":{"start":{"line":109,"column":22},"end":{"line":109,"column":53}},"type":"binary-expr","locations":[{"start":{"line":109,"column":22},"end":{"line":109,"column":42}},{"start":{"line":109,"column":46},"end":{"line":109,"column":53}}],"line":109},"1":{"loc":{"start":{"line":123,"column":22},"end":{"line":123,"column":53}},"type":"binary-expr","locations":[{"start":{"line":123,"column":22},"end":{"line":123,"column":42}},{"start":{"line":123,"column":46},"end":{"line":123,"column":53}}],"line":123},"2":{"loc":{"start":{"line":137,"column":22},"end":{"line":137,"column":53}},"type":"binary-expr","locations":[{"start":{"line":137,"column":22},"end":{"line":137,"column":42}},{"start":{"line":137,"column":46},"end":{"line":137,"column":53}}],"line":137}},"s":{"0":2,"1":2,"2":0,"3":0,"4":0,"5":0,"6":2,"7":0,"8":0,"9":0,"10":0,"11":0,"12":0,"13":2,"14":0,"15":0,"16":0,"17":0,"18":0,"19":0,"20":2,"21":0,"22":0,"23":0,"24":2,"25":0,"26":0,"27":2,"28":0,"29":2,"30":1,"31":1,"32":1,"33":1,"34":1,"35":1,"36":1,"37":1,"38":1,"39":1,"40":1,"41":1,"42":1,"43":1,"44":1,"45":1,"46":1,"47":1,"48":1,"49":1,"50":1,"51":1,"52":1,"53":1,"54":1,"55":1,"56":2,"57":0,"58":2,"59":0,"60":2,"61":0,"62":2,"63":0,"64":2},"f":{"0":0,"1":0,"2":0,"3":0,"4":0,"5":0,"6":2,"7":1,"8":1,"9":1,"10":1,"11":1,"12":1,"13":1,"14":1,"15":1,"16":1,"17":1,"18":0,"19":0,"20":0,"21":0},"b":{"0":[1,0],"1":[1,0],"2":[1,0]},"_coverageSchema":"1a1c01bbd47fc00a2c39e90264f33305004495a9","hash":"22e43bcb040290e4fa30a0f81cee63bc277d7f60"}
,"/Users/vladislav/Documents/dev/stellar-burgers/src/utils/burger-api.ts": {"path":"/Users/vladislav/Documents/dev/stellar-burgers/src/utils/burger-api.ts","statementMap":{"0":{"start":{"line":4,"column":12},"end":{"line":4,"column":38}},"1":{"start":{"line":6,"column":22},"end":{"line":7,"column":69}},"2":{"start":{"line":7,"column":2},"end":{"line":7,"column":69}},"3":{"start":{"line":7,"column":49},"end":{"line":7,"column":68}},"4":{"start":{"line":18,"column":28},"end":{"line":36,"column":6}},"5":{"start":{"line":19,"column":2},"end":{"line":36,"column":6}},"6":{"start":{"line":28,"column":19},"end":{"line":28,"column":55}},"7":{"start":{"line":30,"column":6},"end":{"line":32,"column":7}},"8":{"start":{"line":31,"column":8},"end":{"line":31,"column":43}},"9":{"start":{"line":33,"column":6},"end":{"line":33,"column":69}},"10":{"start":{"line":34,"column":6},"end":{"line":34,"column":56}},"11":{"start":{"line":35,"column":6},"end":{"line":35,"column":25}},"12":{"start":{"line":38,"column":32},"end":{"line":58,"column":1}},"13":{"start":{"line":42,"column":2},"end":{"line":57,"column":3}},"14":{"start":{"line":43,"column":16},"end":{"line":43,"column":41}},"15":{"start":{"line":44,"column":4},"end":{"line":44,"column":39}},"16":{"start":{"line":46,"column":4},"end":{"line":56,"column":5}},"17":{"start":{"line":47,"column":26},"end":{"line":47,"column":46}},"18":{"start":{"line":48,"column":6},"end":{"line":51,"column":7}},"19":{"start":{"line":49,"column":8},"end":{"line":50,"column":34}},"20":{"start":{"line":52,"column":18},"end":{"line":52,"column":43}},"21":{"start":{"line":53,"column":6},"end":{"line":53,"column":41}},"22":{"start":{"line":55,"column":6},"end":{"line":55,"column":33}},"23":{"start":{"line":74,"column":33},"end":{"line":80,"column":6}},"24":{"start":{"line":75,"column":2},"end":{"line":80,"column":6}},"25":{"start":{"line":76,"column":19},"end":{"line":76,"column":59}},"26":{"start":{"line":78,"column":6},"end":{"line":78,"column":42}},"27":{"start":{"line":78,"column":25},"end":{"line":78,"column":42}},"28":{"start":{"line":79,"column":6},"end":{"line":79,"column":34}},"29":{"start":{"line":82,"column":27},"end":{"line":88,"column":6}},"30":{"start":{"line":83,"column":2},"end":{"line":88,"column":6}},"31":{"start":{"line":84,"column":19},"end":{"line":84,"column":53}},"32":{"start":{"line":86,"column":6},"end":{"line":86,"column":37}},"33":{"start":{"line":86,"column":25},"end":{"line":86,"column":37}},"34":{"start":{"line":87,"column":6},"end":{"line":87,"column":34}},"35":{"start":{"line":90,"column":28},"end":{"line":100,"column":4}},"36":{"start":{"line":91,"column":2},"end":{"line":100,"column":4}},"37":{"start":{"line":98,"column":4},"end":{"line":98,"column":42}},"38":{"start":{"line":98,"column":23},"end":{"line":98,"column":42}},"39":{"start":{"line":99,"column":4},"end":{"line":99,"column":32}},"40":{"start":{"line":107,"column":30},"end":{"line":120,"column":4}},"41":{"start":{"line":108,"column":2},"end":{"line":120,"column":4}},"42":{"start":{"line":118,"column":4},"end":{"line":118,"column":35}},"43":{"start":{"line":118,"column":23},"end":{"line":118,"column":35}},"44":{"start":{"line":119,"column":4},"end":{"line":119,"column":32}},"45":{"start":{"line":126,"column":35},"end":{"line":132,"column":54}},"46":{"start":{"line":127,"column":2},"end":{"line":132,"column":54}},"47":{"start":{"line":132,"column":19},"end":{"line":132,"column":53}},"48":{"start":{"line":146,"column":31},"end":{"line":158,"column":6}},"49":{"start":{"line":147,"column":2},"end":{"line":158,"column":6}},"50":{"start":{"line":154,"column":19},"end":{"line":154,"column":52}},"51":{"start":{"line":156,"column":6},"end":{"line":156,"column":37}},"52":{"start":{"line":156,"column":25},"end":{"line":156,"column":37}},"53":{"start":{"line":157,"column":6},"end":{"line":157,"column":34}},"54":{"start":{"line":165,"column":28},"end":{"line":177,"column":6}},"55":{"start":{"line":166,"column":2},"end":{"line":177,"column":6}},"56":{"start":{"line":173,"column":19},"end":{"line":173,"column":52}},"57":{"start":{"line":175,"column":6},"end":{"line":175,"column":37}},"58":{"start":{"line":175,"column":25},"end":{"line":175,"column":37}},"59":{"start":{"line":176,"column":6},"end":{"line":176,"column":34}},"60":{"start":{"line":179,"column":33},"end":{"line":191,"column":6}},"61":{"start":{"line":180,"column":2},"end":{"line":191,"column":6}},"62":{"start":{"line":187,"column":19},"end":{"line":187,"column":58}},"63":{"start":{"line":189,"column":6},"end":{"line":189,"column":37}},"64":{"start":{"line":189,"column":25},"end":{"line":189,"column":37}},"65":{"start":{"line":190,"column":6},"end":{"line":190,"column":34}},"66":{"start":{"line":193,"column":32},"end":{"line":205,"column":6}},"67":{"start":{"line":194,"column":2},"end":{"line":205,"column":6}},"68":{"start":{"line":201,"column":19},"end":{"line":201,"column":58}},"69":{"start":{"line":203,"column":6},"end":{"line":203,"column":37}},"70":{"start":{"line":203,"column":25},"end":{"line":203,"column":37}},"71":{"start":{"line":204,"column":6},"end":{"line":204,"column":34}},"72":{"start":{"line":209,"column":26},"end":{"line":214,"column":4}},"73":{"start":{"line":210,"column":2},"end":{"line":214,"column":4}},"74":{"start":{"line":216,"column":29},"end":{"line":224,"column":4}},"75":{"start":{"line":217,"column":2},"end":{"line":224,"column":4}},"76":{"start":{"line":226,"column":25},"end":{"line":235,"column":59}},"77":{"start":{"line":227,"column":2},"end":{"line":235,"column":59}},"78":{"start":{"line":235,"column":19},"end":{"line":235,"column":58}}},"fnMap":{"0":{"name":"(anonymous_0)","decl":{"start":{"line":6,"column":22},"end":{"line":6,"column":23}},"loc":{"start":{"line":7,"column":2},"end":{"line":7,"column":69}},"line":7},"1":{"name":"(anonymous_1)","decl":{"start":{"line":7,"column":40},"end":{"line":7,"column":41}},"loc":{"start":{"line":7,"column":49},"end":{"line":7,"column":68}},"line":7},"2":{"name":"(anonymous_2)","decl":{"start":{"line":18,"column":28},"end":{"line":18,"column":29}},"loc":{"start":{"line":19,"column":2},"end":{"line":36,"column":6}},"line":19},"3":{"name":"(anonymous_3)","decl":{"start":{"line":28,"column":10},"end":{"line":28,"column":11}},"loc":{"start":{"line":28,"column":19},"end":{"line":28,"column":55}},"line":28},"4":{"name":"(anonymous_4)","decl":{"start":{"line":29,"column":10},"end":{"line":29,"column":11}},"loc":{"start":{"line":29,"column":27},"end":{"line":36,"column":5}},"line":29},"5":{"name":"(anonymous_5)","decl":{"start":{"line":38,"column":32},"end":{"line":38,"column":33}},"loc":{"start":{"line":41,"column":5},"end":{"line":58,"column":1}},"line":41},"6":{"name":"(anonymous_6)","decl":{"start":{"line":74,"column":33},"end":{"line":74,"column":34}},"loc":{"start":{"line":75,"column":2},"end":{"line":80,"column":6}},"line":75},"7":{"name":"(anonymous_7)","decl":{"start":{"line":76,"column":10},"end":{"line":76,"column":11}},"loc":{"start":{"line":76,"column":19},"end":{"line":76,"column":59}},"line":76},"8":{"name":"(anonymous_8)","decl":{"start":{"line":77,"column":10},"end":{"line":77,"column":11}},"loc":{"start":{"line":77,"column":20},"end":{"line":80,"column":5}},"line":77},"9":{"name":"(anonymous_9)","decl":{"start":{"line":82,"column":27},"end":{"line":82,"column":28}},"loc":{"start":{"line":83,"column":2},"end":{"line":88,"column":6}},"line":83},"10":{"name":"(anonymous_10)","decl":{"start":{"line":84,"column":10},"end":{"line":84,"column":11}},"loc":{"start":{"line":84,"column":19},"end":{"line":84,"column":53}},"line":84},"11":{"name":"(anonymous_11)","decl":{"start":{"line":85,"column":10},"end":{"line":85,"column":11}},"loc":{"start":{"line":85,"column":20},"end":{"line":88,"column":5}},"line":85},"12":{"name":"(anonymous_12)","decl":{"start":{"line":90,"column":28},"end":{"line":90,"column":29}},"loc":{"start":{"line":91,"column":2},"end":{"line":100,"column":4}},"line":91},"13":{"name":"(anonymous_13)","decl":{"start":{"line":97,"column":10},"end":{"line":97,"column":11}},"loc":{"start":{"line":97,"column":20},"end":{"line":100,"column":3}},"line":97},"14":{"name":"(anonymous_14)","decl":{"start":{"line":107,"column":30},"end":{"line":107,"column":31}},"loc":{"start":{"line":108,"column":2},"end":{"line":120,"column":4}},"line":108},"15":{"name":"(anonymous_15)","decl":{"start":{"line":117,"column":10},"end":{"line":117,"column":11}},"loc":{"start":{"line":117,"column":20},"end":{"line":120,"column":3}},"line":117},"16":{"name":"(anonymous_16)","decl":{"start":{"line":126,"column":35},"end":{"line":126,"column":36}},"loc":{"start":{"line":127,"column":2},"end":{"line":132,"column":54}},"line":127},"17":{"name":"(anonymous_17)","decl":{"start":{"line":132,"column":10},"end":{"line":132,"column":11}},"loc":{"start":{"line":132,"column":19},"end":{"line":132,"column":53}},"line":132},"18":{"name":"(anonymous_18)","decl":{"start":{"line":146,"column":31},"end":{"line":146,"column":32}},"loc":{"start":{"line":147,"column":2},"end":{"line":158,"column":6}},"line":147},"19":{"name":"(anonymous_19)","decl":{"start":{"line":154,"column":10},"end":{"line":154,"column":11}},"loc":{"start":{"line":154,"column":19},"end":{"line":154,"column":52}},"line":154},"20":{"name":"(anonymous_20)","decl":{"start":{"line":155,"column":10},"end":{"line":155,"column":11}},"loc":{"start":{"line":155,"column":20},"end":{"line":158,"column":5}},"line":155},"21":{"name":"(anonymous_21)","decl":{"start":{"line":165,"column":28},"end":{"line":165,"column":29}},"loc":{"start":{"line":166,"column":2},"end":{"line":177,"column":6}},"line":166},"22":{"name":"(anonymous_22)","decl":{"start":{"line":173,"column":10},"end":{"line":173,"column":11}},"loc":{"start":{"line":173,"column":19},"end":{"line":173,"column":52}},"line":173},"23":{"name":"(anonymous_23)","decl":{"start":{"line":174,"column":10},"end":{"line":174,"column":11}},"loc":{"start":{"line":174,"column":20},"end":{"line":177,"column":5}},"line":174},"24":{"name":"(anonymous_24)","decl":{"start":{"line":179,"column":33},"end":{"line":179,"column":34}},"loc":{"start":{"line":180,"column":2},"end":{"line":191,"column":6}},"line":180},"25":{"name":"(anonymous_25)","decl":{"start":{"line":187,"column":10},"end":{"line":187,"column":11}},"loc":{"start":{"line":187,"column":19},"end":{"line":187,"column":58}},"line":187},"26":{"name":"(anonymous_26)","decl":{"start":{"line":188,"column":10},"end":{"line":188,"column":11}},"loc":{"start":{"line":188,"column":20},"end":{"line":191,"column":5}},"line":188},"27":{"name":"(anonymous_27)","decl":{"start":{"line":193,"column":32},"end":{"line":193,"column":33}},"loc":{"start":{"line":194,"column":2},"end":{"line":205,"column":6}},"line":194},"28":{"name":"(anonymous_28)","decl":{"start":{"line":201,"column":10},"end":{"line":201,"column":11}},"loc":{"start":{"line":201,"column":19},"end":{"line":201,"column":58}},"line":201},"29":{"name":"(anonymous_29)","decl":{"start":{"line":202,"column":10},"end":{"line":202,"column":11}},"loc":{"start":{"line":202,"column":20},"end":{"line":205,"column":5}},"line":202},"30":{"name":"(anonymous_30)","decl":{"start":{"line":209,"column":26},"end":{"line":209,"column":27}},"loc":{"start":{"line":210,"column":2},"end":{"line":214,"column":4}},"line":210},"31":{"name":"(anonymous_31)","decl":{"start":{"line":216,"column":29},"end":{"line":216,"column":30}},"loc":{"start":{"line":217,"column":2},"end":{"line":224,"column":4}},"line":217},"32":{"name":"(anonymous_32)","decl":{"start":{"line":226,"column":25},"end":{"line":226,"column":26}},"loc":{"start":{"line":227,"column":2},"end":{"line":235,"column":59}},"line":227},"33":{"name":"(anonymous_33)","decl":{"start":{"line":235,"column":10},"end":{"line":235,"column":11}},"loc":{"start":{"line":235,"column":19},"end":{"line":235,"column":58}},"line":235}},"branchMap":{"0":{"loc":{"start":{"line":7,"column":2},"end":{"line":7,"column":69}},"type":"cond-expr","locations":[{"start":{"line":7,"column":11},"end":{"line":7,"column":21}},{"start":{"line":7,"column":24},"end":{"line":7,"column":69}}],"line":7},"1":{"loc":{"start":{"line":30,"column":6},"end":{"line":32,"column":7}},"type":"if","locations":[{"start":{"line":30,"column":6},"end":{"line":32,"column":7}},{"start":{},"end":{}}],"line":30},"2":{"loc":{"start":{"line":46,"column":4},"end":{"line":56,"column":5}},"type":"if","locations":[{"start":{"line":46,"column":4},"end":{"line":56,"column":5}},{"start":{"line":54,"column":11},"end":{"line":56,"column":5}}],"line":46},"3":{"loc":{"start":{"line":48,"column":6},"end":{"line":51,"column":7}},"type":"if","locations":[{"start":{"line":48,"column":6},"end":{"line":51,"column":7}},{"start":{},"end":{}}],"line":48},"4":{"loc":{"start":{"line":78,"column":6},"end":{"line":78,"column":42}},"type":"if","locations":[{"start":{"line":78,"column":6},"end":{"line":78,"column":42}},{"start":{},"end":{}}],"line":78},"5":{"loc":{"start":{"line":86,"column":6},"end":{"line":86,"column":37}},"type":"if","locations":[{"start":{"line":86,"column":6},"end":{"line":86,"column":37}},{"start":{},"end":{}}],"line":86},"6":{"loc":{"start":{"line":98,"column":4},"end":{"line":98,"column":42}},"type":"if","locations":[{"start":{"line":98,"column":4},"end":{"line":98,"column":42}},{"start":{},"end":{}}],"line":98},"7":{"loc":{"start":{"line":118,"column":4},"end":{"line":118,"column":35}},"type":"if","locations":[{"start":{"line":118,"column":4},"end":{"line":118,"column":35}},{"start":{},"end":{}}],"line":118},"8":{"loc":{"start":{"line":156,"column":6},"end":{"line":156,"column":37}},"type":"if","locations":[{"start":{"line":156,"column":6},"end":{"line":156,"column":37}},{"start":{},"end":{}}],"line":156},"9":{"loc":{"start":{"line":175,"column":6},"end":{"line":175,"column":37}},"type":"if","locations":[{"start":{"line":175,"column":6},"end":{"line":175,"column":37}},{"start":{},"end":{}}],"line":175},"10":{"loc":{"start":{"line":189,"column":6},"end":{"line":189,"column":37}},"type":"if","locations":[{"start":{"line":189,"column":6},"end":{"line":189,"column":37}},{"start":{},"end":{}}],"line":189},"11":{"loc":{"start":{"line":203,"column":6},"end":{"line":203,"column":37}},"type":"if","locations":[{"start":{"line":203,"column":6},"end":{"line":203,"column":37}},{"start":{},"end":{}}],"line":203}},"s":{"0":4,"1":4,"2":0,"3":0,"4":4,"5":0,"6":0,"7":0,"8":0,"9":0,"10":0,"11":0,"12":4,"13":0,"14":0,"15":0,"16":0,"17":0,"18":0,"19":0,"20":0,"21":0,"22":0,"23":4,"24":0,"25":0,"26":0,"27":0,"28":0,"29":4,"30":0,"31":0,"32":0,"33":0,"34":0,"35":4,"36":0,"37":0,"38":0,"39":0,"40":4,"41":0,"42":0,"43":0,"44":0,"45":4,"46":0,"47":0,"48":4,"49":0,"50":0,"51":0,"52":0,"53":0,"54":4,"55":0,"56":0,"57":0,"58":0,"59":0,"60":4,"61":0,"62":0,"63":0,"64":0,"65":0,"66":4,"67":0,"68":0,"69":0,"70":0,"71":0,"72":4,"73":0,"74":4,"75":0,"76":4,"77":0,"78":0},"f":{"0":0,"1":0,"2":0,"3":0,"4":0,"5":0,"6":0,"7":0,"8":0,"9":0,"10":0,"11":0,"12":0,"13":0,"14":0,"15":0,"16":0,"17":0,"18":0,"19":0,"20":0,"21":0,"22":0,"23":0,"24":0,"25":0,"26":0,"27":0,"28":0,"29":0,"30":0,"31":0,"32":0,"33":0},"b":{"0":[0,0],"1":[0,0],"2":[0,0],"3":[0,0],"4":[0,0],"5":[0,0],"6":[0,0],"7":[0,0],"8":[0,0],"9":[0,0],"10":[0,0],"11":[0,0]},"_coverageSchema":"1a1c01bbd47fc00a2c39e90264f33305004495a9","hash":"515c932b43fbf1787c2a603bff26cccdd36ba7c7"}
,"/Users/vladislav/Documents/dev/stellar-burgers/src/utils/cookie.ts": {"path":"/Users/vladislav/Documents/dev/stellar-burgers/src/utils/cookie.ts","statementMap":{"0":{"start":{"line":2,"column":18},"end":{"line":9,"column":3}},"1":{"start":{"line":10,"column":2},"end":{"line":10,"column":62}},"2":{"start":{"line":18,"column":2},"end":{"line":21,"column":4}},"3":{"start":{"line":23,"column":12},"end":{"line":23,"column":25}},"4":{"start":{"line":24,"column":2},"end":{"line":28,"column":3}},"5":{"start":{"line":25,"column":14},"end":{"line":25,"column":24}},"6":{"start":{"line":26,"column":4},"end":{"line":26,"column":40}},"7":{"start":{"line":27,"column":4},"end":{"line":27,"column":28}},"8":{"start":{"line":30,"column":2},"end":{"line":32,"column":3}},"9":{"start":{"line":31,"column":4},"end":{"line":31,"column":38}},"10":{"start":{"line":33,"column":2},"end":{"line":33,"column":36}},"11":{"start":{"line":34,"column":22},"end":{"line":34,"column":40}},"12":{"start":{"line":35,"column":2},"end":{"line":41,"column":3}},"13":{"start":{"line":36,"column":4},"end":{"line":36,"column":37}},"14":{"start":{"line":37,"column":22},"end":{"line":37,"column":37}},"15":{"start":{"line":38,"column":4},"end":{"line":40,"column":5}},"16":{"start":{"line":39,"column":6},"end":{"line":39,"column":39}},"17":{"start":{"line":42,"column":2},"end":{"line":42,"column":34}},"18":{"start":{"line":46,"column":2},"end":{"line":46,"column":39}}},"fnMap":{"0":{"name":"getCookie","decl":{"start":{"line":1,"column":16},"end":{"line":1,"column":25}},"loc":{"start":{"line":1,"column":60},"end":{"line":11,"column":1}},"line":1},"1":{"name":"setCookie","decl":{"start":{"line":13,"column":16},"end":{"line":13,"column":25}},"loc":{"start":{"line":17,"column":2},"end":{"line":43,"column":1}},"line":17},"2":{"name":"deleteCookie","decl":{"start":{"line":45,"column":16},"end":{"line":45,"column":28}},"loc":{"start":{"line":45,"column":43},"end":{"line":47,"column":1}},"line":45}},"branchMap":{"0":{"loc":{"start":{"line":10,"column":9},"end":{"line":10,"column":61}},"type":"cond-expr","locations":[{"start":{"line":10,"column":19},"end":{"line":10,"column":49}},{"start":{"line":10,"column":52},"end":{"line":10,"column":61}}],"line":10},"1":{"loc":{"start":{"line":16,"column":2},"end":{"line":16,"column":65}},"type":"default-arg","locations":[{"start":{"line":16,"column":63},"end":{"line":16,"column":65}}],"line":16},"2":{"loc":{"start":{"line":24,"column":2},"end":{"line":28,"column":3}},"type":"if","locations":[{"start":{"line":24,"column":2},"end":{"line":28,"column":3}},{"start":{},"end":{}}],"line":24},"3":{"loc":{"start":{"line":24,"column":6},"end":{"line":24,"column":36}},"type":"binary-expr","locations":[{"start":{"line":24,"column":6},"end":{"line":24,"column":9}},{"start":{"line":24,"column":13},"end":{"line":24,"column":36}}],"line":24},"4":{"loc":{"start":{"line":30,"column":2},"end":{"line":32,"column":3}},"type":"if","locations":[{"start":{"line":30,"column":2},"end":{"line":32,"column":3}},{"start":{},"end":{}}],"line":30},"5":{"loc":{"start":{"line":30,"column":6},"end":{"line":30,"column":32}},"type":"binary-expr","locations":[{"start":{"line":30,"column":6},"end":{"line":30,"column":9}},{"start":{"line":30,"column":13},"end":{"line":30,"column":32}}],"line":30},"6":{"loc":{"start":{"line":38,"column":4},"end":{"line":40,"column":5}},"type":"if","locations":[{"start":{"line":38,"column":4},"end":{"line":40,"column":5}},{"start":{},"end":{}}],"line":38}},"s":{"0":0,"1":0,"2":0,"3":0,"4":0,"5":0,"6":0,"7":0,"8":0,"9":0,"10":0,"11":0,"12":0,"13":0,"14":0,"15":0,"16":0,"17":0,"18":0},"f":{"0":0,"1":0,"2":0},"b":{"0":[0,0],"1":[0],"2":[0,0],"3":[0,0],"4":[0,0],"5":[0,0],"6":[0,0]},"_coverageSchema":"1a1c01bbd47fc00a2c39e90264f33305004495a9","hash":"e9129d53bf7f852b7b87b88aadaef482b06eec99"}
}
